Evento: Sala SA-094 salva com sucesso. Horário: 13/04/2016 21:15
Evento: Sala Sa895 salva com sucesso. Horário: 13/04/2016 21:15
Evento: REDEFINIÇÃO DE DATABASE: SALAS Horário: 14/04/2016 12:26
Evento: REDEFINIÇÃO DE DATABASE: EVENTOS Horário: 14/04/2016 12:26
Evento: Sala SA-01 salva com sucesso. Horário: 14/04/2016 12:27
Evento: Evento EV-01 salvo com sucesso. Horário: 14/04/2016 12:27
Evento: Evento EV-02 salvo com sucesso. Horário: 14/04/2016 12:28
Evento: Evento EV-01 alocado com sucesso na sala SA-01. Horário: 14/04/2016 12:28
Evento: ERRO: A sala nao esta disponivel neste horario. Horário: 14/04/2016 12:28
Evento: Evento EV-03 salvo com sucesso. Horário: 14/04/2016 12:29
Evento: ERRO: A sala nao esta disponivel neste horario. Horário: 14/04/2016 12:29
Evento: Evento EV-04 salvo com sucesso. Horário: 14/04/2016 12:30
Evento: ERRO: A sala nao esta disponivel neste horario. Horário: 14/04/2016 12:30
Evento: Evento EV-05 salvo com sucesso. Horário: 14/04/2016 12:31
Evento: ERRO: A sala nao esta disponivel neste horario. Horário: 14/04/2016 12:31
Evento: Evento Ev-06 salvo com sucesso. Horário: 14/04/2016 12:32
Evento: ERRO: A sala nao esta disponivel neste horario. Horário: 14/04/2016 12:32
Evento: Evento EV-07 salvo com sucesso. Horário: 14/04/2016 12:33
Evento: ERRO: A sala nao esta disponivel neste horario. Horário: 14/04/2016 12:33
Evento: Evento EV-08 salvo com sucesso. Horário: 14/04/2016 12:35
Evento: ERRO: A sala nao esta disponivel neste horario. Horário: 14/04/2016 12:35
Evento: Evento EV-09 salvo com sucesso. Horário: 14/04/2016 12:36
Evento: ERRO: A sala nao esta disponivel neste horario. Horário: 14/04/2016 12:36
Evento: Evento Ev-10 salvo com sucesso. Horário: 14/04/2016 12:37
Evento: ERRO: A sala nao esta disponivel neste horario. Horário: 14/04/2016 12:37
Evento: Evento EV-11 salvo com sucesso. Horário: 14/04/2016 12:38
Evento: ERRO: A sala nao esta disponivel neste horario. Horário: 14/04/2016 12:38
Evento: REDEFINIÇÃO DE DATABASE: EVENTOS Horário: 14/04/2016 12:38
Evento: Evento Ev-01 salvo com sucesso. Horário: 14/04/2016 12:40
Evento: Evento EV-02 salvo com sucesso. Horário: 14/04/2016 12:41
Evento: Evento Ev-01 alocado com sucesso na sala SA-01. Horário: 14/04/2016 12:41
Evento: ERRO: A sala nao esta disponivel neste horario. Horário: 14/04/2016 12:41
Evento: Evento EV-03 salvo com sucesso. Horário: 14/04/2016 12:42
Evento: ERRO: A sala nao esta disponivel neste horario. Horário: 14/04/2016 12:42
Evento: Evento EV-05 salvo com sucesso. Horário: 14/04/2016 12:43
Evento: ERRO: A sala nao esta disponivel neste horario. Horário: 14/04/2016 12:44
Evento: Evento concomitante salvo com sucesso. Horário: 14/04/2016 12:44
Evento: ERRO: A sala nao esta disponivel neste horario. Horário: 14/04/2016 12:44
Evento: Evento EV-06 salvo com sucesso. Horário: 14/04/2016 12:45
Evento: ERRO: A sala nao esta disponivel neste horario. Horário: 14/04/2016 12:45
Evento: Evento EV-08 salvo com sucesso. Horário: 14/04/2016 12:46
Evento: ERRO: A sala nao esta disponivel neste horario. Horário: 14/04/2016 12:46
Evento: Evento EV-07 salvo com sucesso. Horário: 14/04/2016 12:47
Evento: ERRO: A sala nao esta disponivel neste horario. Horário: 14/04/2016 12:47
Evento: Evento EV-09 salvo com sucesso. Horário: 14/04/2016 12:48
Evento: ERRO: A sala nao esta disponivel neste horario. Horário: 14/04/2016 12:48
Evento: Evento feur salvo com sucesso. Horário: 14/04/2016 12:49
Evento: ERRO: A sala nao esta disponivel neste horario. Horário: 14/04/2016 12:49
Evento: REDEFINIÇÃO DE DATABASE: EVENTOS Horário: 14/04/2016 12:54
Evento: Evento EV-01 salvo com sucesso. Horário: 14/04/2016 12:55
Evento: Evento EV-01 alocado com sucesso na sala SA-01. Horário: 14/04/2016 12:55
Evento: Evento EV-02 salvo com sucesso. Horário: 14/04/2016 12:56
Evento: ERRO: A sala nao esta disponivel neste horario. Horário: 14/04/2016 12:57
Evento: Evento EV-03 salvo com sucesso. Horário: 14/04/2016 12:58
Evento: ERRO: A sala nao esta disponivel neste horario. Horário: 14/04/2016 12:58
Evento: Evento EV-04 salvo com sucesso. Horário: 14/04/2016 12:58
Evento: ERRO: A sala nao esta disponivel neste horario. Horário: 14/04/2016 12:59
Evento: ERRO: Atributo invalido. Horário: 14/04/2016 13:01
Evento: Evento teste salvo com sucesso. Horário: 14/04/2016 13:02
Evento: ERRO: A sala nao esta disponivel neste horario. Horário: 14/04/2016 13:02
Evento: ERRO: A sala nao esta disponivel neste horario. Horário: 14/04/2016 13:08
Evento: ERRO: A sala nao esta disponivel neste horario. Horário: 14/04/2016 13:08
Evento: Evento Teste2 salvo com sucesso. Horário: 14/04/2016 13:09
Evento: Evento Teste2 alocado com sucesso na sala SA-01. Horário: 14/04/2016 13:09
Evento: Evento teste alocado com sucesso na sala SA-01. Horário: 14/04/2016 13:14
Evento: ERRO: A sala nao esta disponivel neste horario. Horário: 14/04/2016 13:15
Evento: ERRO: A sala nao esta disponivel neste horario. Horário: 14/04/2016 13:16
Evento: ERRO: A sala nao esta disponivel neste horario. Horário: 14/04/2016 13:16
Evento: ERRO: A sala nao esta disponivel neste horario. Horário: 14/04/2016 13:17
